This is pdfTeX, Version 3.141592653-2.6-1.40.26 (TeX Live 2024) (preloaded format=pdflatex 2024.7.8)  11 JUL 2024 17:06
entering extended mode
 restricted \write18 enabled.
 file:line:error style messages enabled.
 %&-line parsing enabled.
**/Users/leonardo/Desktop/tesi-latex/thesis
(/Users/leonardo/Desktop/tesi-latex/thesis.tex
LaTeX2e <2023-11-01> patch level 1
L3 programming layer <2024-02-20>
(./Tptesi2.cls
Document Class: Tptesi2 23/2/96 v1.0 Classe Latex per tesi --- basata su UFtesi.cls by F. Bartolini, Dip. Ing. Elettronica - Univ. Firenze
(/usr/local/texlive/2024/texmf-dist/tex/latex/base/book.cls
Document Class: book 2023/05/17 v1.4n Standard LaTeX document class
(/usr/local/texlive/2024/texmf-dist/tex/latex/base/bk12.clo
File: bk12.clo 2023/05/17 v1.4n Standard LaTeX file (size option)
)
\c@part=\count188
\c@chapter=\count189
\c@section=\count190
\c@subsection=\count191
\c@subsubsection=\count192
\c@paragraph=\count193
\c@subparagraph=\count194
\c@figure=\count195
\c@table=\count196
\abovecaptionskip=\skip48
\belowcaptionskip=\skip49
\bibindent=\dimen140
) (/usr/local/texlive/2024/texmf-dist/tex/generic/babel/babel.sty
Package: babel 2024/02/07 v24.2 The Babel package
\babel@savecnt=\count197
\U@D=\dimen141
\l@unhyphenated=\language89
 (/usr/local/texlive/2024/texmf-dist/tex/generic/babel/txtbabel.def)
\bbl@readstream=\read2
\bbl@dirlevel=\count198
 (/usr/local/texlive/2024/texmf-dist/tex/generic/babel-italian/italian.ldf
Language: italian 2024/01/03 v.1.5.00 Italian support for the babel system
\it@lettering=\count199
\it@doublequoteactive=\count266
\it@ISOcompliance=\count267
)) (/usr/local/texlive/2024/texmf-dist/tex/generic/babel/locale/it/babel-italian.tex
Package babel Info: Importing font and identification data for italian
(babel)             from babel-it.ini. Reported on input line 11.
) (/usr/local/texlive/2024/texmf-dist/tex/latex/etoolbox/etoolbox.sty
Package: etoolbox 2020/10/05 v2.5k e-TeX tools for LaTeX (JAW)
\etb@tempcnta=\count268
) (/usr/local/texlive/2024/texmf-dist/tex/latex/amsmath/amsmath.sty
Package: amsmath 2023/05/13 v2.17o AMS math features
\@mathmargin=\skip50

For additional information on amsmath, use the `?' option.
(/usr/local/texlive/2024/texmf-dist/tex/latex/amsmath/amstext.sty
Package: amstext 2021/08/26 v2.01 AMS text
 (/usr/local/texlive/2024/texmf-dist/tex/latex/amsmath/amsgen.sty
File: amsgen.sty 1999/11/30 v2.0 generic functions
\@emptytoks=\toks17
\ex@=\dimen142
)) (/usr/local/texlive/2024/texmf-dist/tex/latex/amsmath/amsbsy.sty
Package: amsbsy 1999/11/29 v1.2d Bold Symbols
\pmbraise@=\dimen143
) (/usr/local/texlive/2024/texmf-dist/tex/latex/amsmath/amsopn.sty
Package: amsopn 2022/04/08 v2.04 operator names
)
\inf@bad=\count269
LaTeX Info: Redefining \frac on input line 234.
\uproot@=\count270
\leftroot@=\count271
LaTeX Info: Redefining \overline on input line 399.
LaTeX Info: Redefining \colon on input line 410.
\classnum@=\count272
\DOTSCASE@=\count273
LaTeX Info: Redefining \ldots on input line 496.
LaTeX Info: Redefining \dots on input line 499.
LaTeX Info: Redefining \cdots on input line 620.
\Mathstrutbox@=\box51
\strutbox@=\box52
LaTeX Info: Redefining \big on input line 722.
LaTeX Info: Redefining \Big on input line 723.
LaTeX Info: Redefining \bigg on input line 724.
LaTeX Info: Redefining \Bigg on input line 725.
\big@size=\dimen144
LaTeX Font Info:    Redeclaring font encoding OML on input line 743.
LaTeX Font Info:    Redeclaring font encoding OMS on input line 744.
\macc@depth=\count274
LaTeX Info: Redefining \bmod on input line 905.
LaTeX Info: Redefining \pmod on input line 910.
LaTeX Info: Redefining \smash on input line 940.
LaTeX Info: Redefining \relbar on input line 970.
LaTeX Info: Redefining \Relbar on input line 971.
\c@MaxMatrixCols=\count275
\dotsspace@=\muskip16
\c@parentequation=\count276
\dspbrk@lvl=\count277
\tag@help=\toks18
\row@=\count278
\column@=\count279
\maxfields@=\count280
\andhelp@=\toks19
\eqnshift@=\dimen145
\alignsep@=\dimen146
\tagshift@=\dimen147
\tagwidth@=\dimen148
\totwidth@=\dimen149
\lineht@=\dimen150
\@envbody=\toks20
\multlinegap=\skip51
\multlinetaggap=\skip52
\mathdisplay@stack=\toks21
LaTeX Info: Redefining \[ on input line 2953.
LaTeX Info: Redefining \] on input line 2954.
) (/usr/local/texlive/2024/texmf-dist/tex/latex/amsfonts/amssymb.sty
Package: amssymb 2013/01/14 v3.01 AMS font symbols
 (/usr/local/texlive/2024/texmf-dist/tex/latex/amsfonts/amsfonts.sty
Package: amsfonts 2013/01/14 v3.01 Basic AMSFonts support
\symAMSa=\mathgroup4
\symAMSb=\mathgroup5
LaTeX Font Info:    Redeclaring math symbol \hbar on input line 98.
LaTeX Font Info:    Overwriting math alphabet `\mathfrak' in version `bold'
(Font)                  U/euf/m/n --> U/euf/b/n on input line 106.
)) (/usr/local/texlive/2024/texmf-dist/tex/latex/base/inputenc.sty
Package: inputenc 2021/02/14 v1.3d Input encoding file
\inpenc@prehook=\toks22
\inpenc@posthook=\toks23
) (/usr/local/texlive/2024/texmf-dist/tex/latex/base/fontenc.sty
Package: fontenc 2021/04/29 v2.0v Standard LaTeX package
) (/usr/local/texlive/2024/texmf-dist/tex/latex/float/float.sty
Package: float 2001/11/08 v1.3d Float enhancements (AL)
\c@float@type=\count281
\float@exts=\toks24
\float@box=\box53
\@float@everytoks=\toks25
\@floatcapt=\box54
) (/usr/local/texlive/2024/texmf-dist/tex/latex/algorithm2e/algorithm2e.sty
Package: algorithm2e 2017/07/18 v5.2 algorithms environments
\c@AlgoLine=\count282
 (/usr/local/texlive/2024/texmf-dist/tex/latex/base/ifthen.sty
Package: ifthen 2022/04/13 v1.1d Standard LaTeX ifthen package (DPC)
)
\algocf@hangindent=\skip53
 (/usr/local/texlive/2024/texmf-dist/tex/latex/ifoddpage/ifoddpage.sty
Package: ifoddpage 2022/10/18 v1.2 Conditionals for odd/even page detection
\c@checkoddpage=\count283
) (/usr/local/texlive/2024/texmf-dist/tex/latex/tools/xspace.sty
Package: xspace 2014/10/28 v1.13 Space after command names (DPC,MH)
) (/usr/local/texlive/2024/texmf-dist/tex/latex/relsize/relsize.sty
Package: relsize 2013/03/29 ver 4.1
)
\skiptotal=\skip54
\skiplinenumber=\skip55
\skiprule=\skip56
\skiphlne=\skip57
\skiptext=\skip58
\skiplength=\skip59
\algomargin=\skip60
\skipalgocfslide=\skip61
\algowidth=\dimen151
\inoutsize=\dimen152
\inoutindent=\dimen153
\interspacetitleruled=\dimen154
\interspacealgoruled=\dimen155
\interspacetitleboxruled=\dimen156
\algocf@ruledwidth=\skip62
\algocf@inoutbox=\box55
\algocf@inputbox=\box56
\AlCapSkip=\skip63
\AlCapHSkip=\skip64
\algoskipindent=\skip65
\algocf@nlbox=\box57
\algocf@hangingbox=\box58
\algocf@untilbox=\box59
\algocf@skipuntil=\skip66
\algocf@capbox=\box60
\algocf@lcaptionbox=\skip67
\algoheightruledefault=\skip68
\algoheightrule=\skip69
\algotitleheightruledefault=\skip70
\algotitleheightrule=\skip71
\c@algocfline=\count284
\c@algocfproc=\count285
\c@algocf=\count286
\algocf@algoframe=\box61
\algocf@algobox=\box62
) (/usr/local/texlive/2024/texmf-dist/tex/latex/jknapltx/mathrsfs.sty
Package: mathrsfs 1996/01/01 Math RSFS package v1.0 (jk)
\symrsfs=\mathgroup6
) (/usr/local/texlive/2024/texmf-dist/tex/latex/graphics/graphicx.sty
Package: graphicx 2021/09/16 v1.2d Enhanced LaTeX Graphics (DPC,SPQR)
 (/usr/local/texlive/2024/texmf-dist/tex/latex/graphics/keyval.sty
Package: keyval 2022/05/29 v1.15 key=value parser (DPC)
\KV@toks@=\toks26
) (/usr/local/texlive/2024/texmf-dist/tex/latex/graphics/graphics.sty
Package: graphics 2022/03/10 v1.4e Standard LaTeX Graphics (DPC,SPQR)
 (/usr/local/texlive/2024/texmf-dist/tex/latex/graphics/trig.sty
Package: trig 2021/08/11 v1.11 sin cos tan (DPC)
) (/usr/local/texlive/2024/texmf-dist/tex/latex/graphics-cfg/graphics.cfg
File: graphics.cfg 2016/06/04 v1.11 sample graphics configuration
)
Package graphics Info: Driver file: pdftex.def on input line 107.
 (/usr/local/texlive/2024/texmf-dist/tex/latex/graphics-def/pdftex.def
File: pdftex.def 2022/09/22 v1.2b Graphics/color driver for pdftex
))
\Gin@req@height=\dimen157
\Gin@req@width=\dimen158
) (/usr/local/texlive/2024/texmf-dist/tex/latex/hyperref/hyperref.sty
Package: hyperref 2024-01-20 v7.01h Hypertext links for LaTeX
 (/usr/local/texlive/2024/texmf-dist/tex/generic/iftex/iftex.sty
Package: iftex 2022/02/03 v1.0f TeX engine tests
) (/usr/local/texlive/2024/texmf-dist/tex/latex/kvsetkeys/kvsetkeys.sty
Package: kvsetkeys 2022-10-05 v1.19 Key value parser (HO)
) (/usr/local/texlive/2024/texmf-dist/tex/generic/kvdefinekeys/kvdefinekeys.sty
Package: kvdefinekeys 2019-12-19 v1.6 Define keys (HO)
) (/usr/local/texlive/2024/texmf-dist/tex/generic/pdfescape/pdfescape.sty
Package: pdfescape 2019/12/09 v1.15 Implements pdfTeX's escape features (HO)
 (/usr/local/texlive/2024/texmf-dist/tex/generic/ltxcmds/ltxcmds.sty
Package: ltxcmds 2023-12-04 v1.26 LaTeX kernel commands for general use (HO)
) (/usr/local/texlive/2024/texmf-dist/tex/generic/pdftexcmds/pdftexcmds.sty
Package: pdftexcmds 2020-06-27 v0.33 Utility functions of pdfTeX for LuaTeX (HO)
 (/usr/local/texlive/2024/texmf-dist/tex/generic/infwarerr/infwarerr.sty
Package: infwarerr 2019/12/03 v1.5 Providing info/warning/error messages (HO)
)
Package pdftexcmds Info: \pdf@primitive is available.
Package pdftexcmds Info: \pdf@ifprimitive is available.
Package pdftexcmds Info: \pdfdraftmode found.
)) (/usr/local/texlive/2024/texmf-dist/tex/latex/hycolor/hycolor.sty
Package: hycolor 2020-01-27 v1.10 Color options for hyperref/bookmark (HO)
) (/usr/local/texlive/2024/texmf-dist/tex/latex/auxhook/auxhook.sty
Package: auxhook 2019-12-17 v1.6 Hooks for auxiliary files (HO)
) (/usr/local/texlive/2024/texmf-dist/tex/latex/hyperref/nameref.sty
Package: nameref 2023-11-26 v2.56 Cross-referencing by name of section
 (/usr/local/texlive/2024/texmf-dist/tex/latex/refcount/refcount.sty
Package: refcount 2019/12/15 v3.6 Data extraction from label references (HO)
) (/usr/local/texlive/2024/texmf-dist/tex/generic/gettitlestring/gettitlestring.sty
Package: gettitlestring 2019/12/15 v1.6 Cleanup title references (HO)
 (/usr/local/texlive/2024/texmf-dist/tex/latex/kvoptions/kvoptions.sty
Package: kvoptions 2022-06-15 v3.15 Key value format for package options (HO)
))
\c@section@level=\count287
)
\@linkdim=\dimen159
\Hy@linkcounter=\count288
\Hy@pagecounter=\count289
 (/usr/local/texlive/2024/texmf-dist/tex/latex/hyperref/pd1enc.def
File: pd1enc.def 2024-01-20 v7.01h Hyperref: PDFDocEncoding definition (HO)
Now handling font encoding PD1 ...
... no UTF-8 mapping file for font encoding PD1
) (/usr/local/texlive/2024/texmf-dist/tex/generic/intcalc/intcalc.sty
Package: intcalc 2019/12/15 v1.3 Expandable calculations with integers (HO)
)
\Hy@SavedSpaceFactor=\count290
 (/usr/local/texlive/2024/texmf-dist/tex/latex/hyperref/puenc.def
File: puenc.def 2024-01-20 v7.01h Hyperref: PDF Unicode definition (HO)
Now handling font encoding PU ...
... no UTF-8 mapping file for font encoding PU
)
Package hyperref Info: Option `colorlinks' set `true' on input line 4062.
Package hyperref Info: Option `pdfpagelabels' set `true' on input line 4062.
Package hyperref Info: Option `hyperindex' set `true' on input line 4062.
Package hyperref Info: Hyper figures OFF on input line 4179.
Package hyperref Info: Link nesting OFF on input line 4184.
Package hyperref Info: Hyper index ON on input line 4187.
Package hyperref Info: Plain pages OFF on input line 4194.
Package hyperref Info: Backreferencing OFF on input line 4199.
Package hyperref Info: Implicit mode ON; LaTeX internals redefined.
Package hyperref Info: Bookmarks ON on input line 4446.
\c@Hy@tempcnt=\count291
 (/usr/local/texlive/2024/texmf-dist/tex/latex/url/url.sty
\Urlmuskip=\muskip17
Package: url 2013/09/16  ver 3.4  Verb mode for urls, etc.
)
LaTeX Info: Redefining \url on input line 4784.
\XeTeXLinkMargin=\dimen160
 (/usr/local/texlive/2024/texmf-dist/tex/generic/bitset/bitset.sty
Package: bitset 2019/12/09 v1.3 Handle bit-vector datatype (HO)
 (/usr/local/texlive/2024/texmf-dist/tex/generic/bigintcalc/bigintcalc.sty
Package: bigintcalc 2019/12/15 v1.5 Expandable calculations on big integers (HO)
))
\Fld@menulength=\count292
\Field@Width=\dimen161
\Fld@charsize=\dimen162
Package hyperref Info: Hyper figures OFF on input line 6063.
Package hyperref Info: Link nesting OFF on input line 6068.
Package hyperref Info: Hyper index ON on input line 6071.
Package hyperref Info: backreferencing OFF on input line 6078.
Package hyperref Info: Link coloring ON on input line 6081.
Package hyperref Info: Link coloring with OCG OFF on input line 6088.
Package hyperref Info: PDF/A mode OFF on input line 6093.
 (/usr/local/texlive/2024/texmf-dist/tex/latex/base/atbegshi-ltx.sty
Package: atbegshi-ltx 2021/01/10 v1.0c Emulation of the original atbegshi
package with kernel methods
)
\Hy@abspage=\count293
\c@Item=\count294
\c@Hfootnote=\count295
)
Package hyperref Info: Driver (autodetected): hpdftex.
 (/usr/local/texlive/2024/texmf-dist/tex/latex/hyperref/hpdftex.def
File: hpdftex.def 2024-01-20 v7.01h Hyperref driver for pdfTeX
 (/usr/local/texlive/2024/texmf-dist/tex/latex/base/atveryend-ltx.sty
Package: atveryend-ltx 2020/08/19 v1.0a Emulation of the original atveryend package
with kernel methods
)
\Fld@listcount=\count296
\c@bookmark@seq@number=\count297
 (/usr/local/texlive/2024/texmf-dist/tex/latex/rerunfilecheck/rerunfilecheck.sty
Package: rerunfilecheck 2022-07-10 v1.10 Rerun checks for auxiliary files (HO)
 (/usr/local/texlive/2024/texmf-dist/tex/generic/uniquecounter/uniquecounter.sty
Package: uniquecounter 2019/12/15 v1.4 Provide unlimited unique counter (HO)
)
Package uniquecounter Info: New unique counter `rerunfilecheck' on input line 285.
)
\Hy@SectionHShift=\skip72
)
\sideftwd=\dimen163
\local@box=\box63
\local@hbox=\box64
) (/usr/local/texlive/2024/texmf-dist/tex/latex/listings/listings.sty
\lst@mode=\count298
\lst@gtempboxa=\box65
\lst@token=\toks27
\lst@length=\count299
\lst@currlwidth=\dimen164
\lst@column=\count300
\lst@pos=\count301
\lst@lostspace=\dimen165
\lst@width=\dimen166
\lst@newlines=\count302
\lst@lineno=\count303
\lst@maxwidth=\dimen167
 (/usr/local/texlive/2024/texmf-dist/tex/latex/listings/lstpatch.sty
File: lstpatch.sty 2024/02/21 1.10 (Carsten Heinz)
) (/usr/local/texlive/2024/texmf-dist/tex/latex/listings/lstmisc.sty
File: lstmisc.sty 2024/02/21 1.10 (Carsten Heinz)
\c@lstnumber=\count304
\lst@skipnumbers=\count305
\lst@framebox=\box66
) (/usr/local/texlive/2024/texmf-dist/tex/latex/listings/listings.cfg
File: listings.cfg 2024/02/21 1.10 listings configuration
))
Package: listings 2024/02/21 1.10 (Carsten Heinz)
 (/usr/local/texlive/2024/texmf-dist/tex/latex/tools/verbatim.sty
Package: verbatim 2023-11-06 v1.5v LaTeX2e package for verbatim enhancements
\every@verbatim=\toks28
\verbatim@line=\toks29
\verbatim@in@stream=\read3
) (/usr/local/texlive/2024/texmf-dist/tex/latex/tools/indentfirst.sty
Package: indentfirst 2023/07/02 v1.03 Indent first paragraph (DPC)
) (/usr/local/texlive/2024/texmf-dist/tex/latex/subfigure/subfigure.sty
Package: subfigure 2002/03/15 v2.1.5 subfigure package
\subfigtopskip=\skip73
\subfigcapskip=\skip74
\subfigcaptopadj=\dimen168
\subfigbottomskip=\skip75
\subfigcapmargin=\dimen169
\subfiglabelskip=\skip76
\c@subfigure=\count306
\c@lofdepth=\count307
\c@subtable=\count308
\c@lotdepth=\count309

****************************************
* Local config file subfigure.cfg used *
****************************************
(/usr/local/texlive/2024/texmf-dist/tex/latex/subfigure/subfigure.cfg)
\subfig@top=\skip77
\subfig@bottom=\skip78
) (/usr/local/texlive/2024/texmf-dist/tex/latex/algorithms/algorithmic.sty
Package: algorithmic 2009/08/24 v0.1 Document Style `algorithmic'
\c@ALC@unique=\count310
\c@ALC@line=\count311
\c@ALC@rem=\count312
\c@ALC@depth=\count313
\ALC@tlm=\skip79
\algorithmicindent=\skip80
) (/usr/local/texlive/2024/texmf-dist/tex/latex/framed/framed.sty
Package: framed 2011/10/22 v 0.96: framed or shaded text with page breaks
\OuterFrameSep=\skip81
\fb@frw=\dimen170
\fb@frh=\dimen171
\FrameRule=\dimen172
\FrameSep=\dimen173
) (/usr/local/texlive/2024/texmf-dist/tex/latex/graphics/rotating.sty
Package: rotating 2016/08/11 v2.16d rotated objects in LaTeX
\c@r@tfl@t=\count314
\rotFPtop=\skip82
\rotFPbot=\skip83
\rot@float@box=\box67
\rot@mess@toks=\toks30
) (/usr/local/texlive/2024/texmf-dist/tex/latex/cite/cite.sty
LaTeX Info: Redefining \cite on input line 302.
LaTeX Info: Redefining \nocite on input line 332.
Package: cite 2015/02/27  v 5.5
) (/usr/local/texlive/2024/texmf-dist/tex/latex/breakurl/breakurl.sty
Package: breakurl 2013/04/10 v1.40 Breakable hyperref URLs
 (/usr/local/texlive/2024/texmf-dist/tex/latex/xkeyval/xkeyval.sty
Package: xkeyval 2022/06/16 v2.9 package option processing (HA)
 (/usr/local/texlive/2024/texmf-dist/tex/generic/xkeyval/xkeyval.tex (/usr/local/texlive/2024/texmf-dist/tex/generic/xkeyval/xkvutils.tex
\XKV@toks=\toks31
\XKV@tempa@toks=\toks32
)
\XKV@depth=\count315
File: xkeyval.tex 2014/12/03 v2.7a key=value parser (HA)
)) (/usr/local/texlive/2024/texmf-dist/tex/generic/iftex/ifpdf.sty
Package: ifpdf 2019/10/25 v3.4 ifpdf legacy package. Use iftex instead.
)

Package breakurl Warning: You are using breakurl while processing via pdflatex.
(breakurl)                \burl will be just a synonym of \url.
(breakurl)                 on input line 48.

)
\c@teorema=\count316
\c@definizione=\count317
Package hyperref Info: Option `plainpages' set `false' on input line 79.
Package hyperref Info: Option `breaklinks' set `true' on input line 79.
Package hyperref Info: Option `colorlinks' set `false' on input line 79.
 (/usr/local/texlive/2024/texmf-dist/tex/latex/l3backend/l3backend-pdftex.def
File: l3backend-pdftex.def 2024-02-20 L3 backend support: PDF output (pdfTeX)
\l__color_backend_stack_int=\count318
\l__pdf_internal_box=\box68
) (./thesis.aux (./files/capitoli/0-introduzione/0-introduzione.aux) (./files/capitoli/1-object-detection/1-object-detection.aux) (./files/capitoli/2-yolo/2-yolo.aux) (./files/capitoli/3-data-augmentation/3-data-augmentation.aux

LaTeX Warning: Label `fig:gan-augmentatione' multiply defined.

) (./files/capitoli/4-sperimentazione-risultati/4-sperimentazione-risultati.aux

LaTeX Warning: Label `fig:initial-detections' multiply defined.

) (./files/capitoli/5-conclusioni/5-conclusioni.aux))
\openout1 = `thesis.aux'.

LaTeX Font Info:    Checking defaults for OML/cmm/m/it on input line 81.
LaTeX Font Info:    ... okay on input line 81.
LaTeX Font Info:    Checking defaults for OMS/cmsy/m/n on input line 81.
LaTeX Font Info:    ... okay on input line 81.
LaTeX Font Info:    Checking defaults for OT1/cmr/m/n on input line 81.
LaTeX Font Info:    ... okay on input line 81.
LaTeX Font Info:    Checking defaults for T1/cmr/m/n on input line 81.
LaTeX Font Info:    ... okay on input line 81.
LaTeX Font Info:    Checking defaults for TS1/cmr/m/n on input line 81.
LaTeX Font Info:    ... okay on input line 81.
LaTeX Font Info:    Checking defaults for OMX/cmex/m/n on input line 81.
LaTeX Font Info:    ... okay on input line 81.
LaTeX Font Info:    Checking defaults for U/cmr/m/n on input line 81.
LaTeX Font Info:    ... okay on input line 81.
LaTeX Font Info:    Checking defaults for PD1/pdf/m/n on input line 81.
LaTeX Font Info:    ... okay on input line 81.
LaTeX Font Info:    Checking defaults for PU/pdf/m/n on input line 81.
LaTeX Font Info:    ... okay on input line 81.
LaTeX Info: Redefining \it@ocap on input line 81.
LaTeX Info: Redefining \it@ccap on input line 81.
 (/usr/local/texlive/2024/texmf-dist/tex/context/base/mkii/supp-pdf.mkii
[Loading MPS to PDF converter (version 2006.09.02).]
\scratchcounter=\count319
\scratchdimen=\dimen174
\scratchbox=\box69
\nofMPsegments=\count320
\nofMParguments=\count321
\everyMPshowfont=\toks33
\MPscratchCnt=\count322
\MPscratchDim=\dimen175
\MPnumerator=\count323
\makeMPintoPDFobject=\count324
\everyMPtoPDFconversion=\toks34
) (/usr/local/texlive/2024/texmf-dist/tex/latex/epstopdf-pkg/epstopdf-base.sty
Package: epstopdf-base 2020-01-24 v2.11 Base part for package epstopdf
Package epstopdf-base Info: Redefining graphics rule for `.eps' on input line 485.
 (/usr/local/texlive/2024/texmf-dist/tex/latex/latexconfig/epstopdf-sys.cfg
File: epstopdf-sys.cfg 2010/07/13 v1.3 Configuration of (r)epstopdf for TeX Live
))
Package hyperref Info: Link coloring OFF on input line 81.
 (./thesis.out) (./thesis.out)
\@outlinefile=\write3
\openout3 = `thesis.out'.

\c@lstlisting=\count325
<./files/stemma.pdf, id=320, 1622.06pt x 1673.45195pt>
File: ./files/stemma.pdf Graphic file (type pdf)
<use ./files/stemma.pdf>
Package pdftex.def Info: ./files/stemma.pdf  used on input line 89.
(pdftex.def)             Requested size: 82.71654pt x 85.35826pt.
 [1


{/usr/local/texlive/2024/texmf-var/fonts/map/pdftex/updmap/pdftex.map}{/usr/local/texlive/2024/texmf-dist/fonts/enc/dvips/cm-super/cm-super-t1.enc} <./files/stemma.pdf>]
\openout2 = `files/ringraziamenti.aux'.

 (./files/ringraziamenti.tex
LaTeX Font Info:    Trying to load font information for T1+ptm on input line 3.
 (/usr/local/texlive/2024/texmf-dist/tex/latex/psnfss/t1ptm.fd
File: t1ptm.fd 2001/06/04 font definitions for T1/ptm.
))
pdfTeX warning (ext4): destination with the same identifier (name{page.i}) has been already used, duplicate ignored
<to be read again> 
                   \relax 
l.92 \include{files/ringraziamenti}
                                    [1

{/usr/local/texlive/2024/texmf-dist/fonts/enc/dvips/base/8r.enc}] (./thesis.toc
LaTeX Font Info:    Trying to load font information for U+msa on input line 5.
 (/usr/local/texlive/2024/texmf-dist/tex/latex/amsfonts/umsa.fd
File: umsa.fd 2013/01/14 v3.01 AMS symbols A
)
LaTeX Font Info:    Trying to load font information for U+msb on input line 5.
 (/usr/local/texlive/2024/texmf-dist/tex/latex/amsfonts/umsb.fd
File: umsb.fd 2013/01/14 v3.01 AMS symbols B
)
LaTeX Font Info:    Trying to load font information for U+rsfs on input line 5.
 (/usr/local/texlive/2024/texmf-dist/tex/latex/jknapltx/ursfs.fd
File: ursfs.fd 1998/03/24 rsfs font definition file (jk)
) [2



] [3] [4])
\tf@toc=\write4
\openout4 = `thesis.toc'.

 [5]
\openout2 = `files/capitoli/0-introduzione/0-introduzione.aux'.

 (./files/capitoli/0-introduzione/0-introduzione.tex)
pdfTeX warning (ext4): destination with the same identifier (name{page.i}) has been already used, duplicate ignored
<to be read again> 
                   \relax 
l.118 ...s/capitoli/0-introduzione/0-introduzione}
                                                   [1




]
\openout2 = `files/capitoli/1-object-detection/1-object-detection.aux'.

 (./files/capitoli/1-object-detection/1-object-detection.tex
Capitolo 1.
(./files/capitoli/1-object-detection/1.1-problema-object-detection.tex [1





{/usr/local/texlive/2024/texmf-dist/fonts/enc/dvips/cm-super/cm-super-ts1.enc}] [2]
<files/capitoli/1-object-detection/assets/object-detection-example.png, id=457, 1505.625pt x 1003.75pt>
File: files/capitoli/1-object-detection/assets/object-detection-example.png Graphic file (type png)
<use files/capitoli/1-object-detection/assets/object-detection-example.png>
Package pdftex.def Info: files/capitoli/1-object-detection/assets/object-detection-example.png  used on input line 26.
(pdftex.def)             Requested size: 292.5pt x 195.00294pt.
 [3 <./files/capitoli/1-object-detection/assets/object-detection-example.png>]
<files/capitoli/1-object-detection/assets/feature-extraction.png, id=466, 803.0pt x 260.975pt>
File: files/capitoli/1-object-detection/assets/feature-extraction.png Graphic file (type png)
<use files/capitoli/1-object-detection/assets/feature-extraction.png>
Package pdftex.def Info: files/capitoli/1-object-detection/assets/feature-extraction.png  used on input line 53.
(pdftex.def)             Requested size: 390.0pt x 126.75192pt.
 [4 <./files/capitoli/1-object-detection/assets/feature-extraction.png (PNG copy)>]
<files/capitoli/1-object-detection/assets/feature-extraction-layers.jpg, id=474, 1032.85875pt x 800.9925pt>
File: files/capitoli/1-object-detection/assets/feature-extraction-layers.jpg Graphic file (type jpg)
<use files/capitoli/1-object-detection/assets/feature-extraction-layers.jpg>
Package pdftex.def Info: files/capitoli/1-object-detection/assets/feature-extraction-layers.jpg  used on input line 68.
(pdftex.def)             Requested size: 234.00238pt x 181.46219pt.
 [5 <./files/capitoli/1-object-detection/assets/feature-extraction-layers.jpg>]
<files/capitoli/1-object-detection/assets/selective-search-region-proposals.png, id=482, 853.1875pt x 562.1pt>
File: files/capitoli/1-object-detection/assets/selective-search-region-proposals.png Graphic file (type png)
<use files/capitoli/1-object-detection/assets/selective-search-region-proposals.png>
Package pdftex.def Info: files/capitoli/1-object-detection/assets/selective-search-region-proposals.png  used on input line 86.
(pdftex.def)             Requested size: 312.00119pt x 205.55504pt.
 [6] [7 <./files/capitoli/1-object-detection/assets/selective-search-region-proposals.png>]
<files/capitoli/1-object-detection/assets/single-shot-grid.png, id=500, 1606.0pt x 439.6425pt>
File: files/capitoli/1-object-detection/assets/single-shot-grid.png Graphic file (type png)
<use files/capitoli/1-object-detection/assets/single-shot-grid.png>
Package pdftex.def Info: files/capitoli/1-object-detection/assets/single-shot-grid.png  used on input line 110.
(pdftex.def)             Requested size: 312.00119pt x 85.41129pt.
 [8 <./files/capitoli/1-object-detection/assets/single-shot-grid.png>]
<files/capitoli/1-object-detection/assets/nms-example.png, id=513, 664.4825pt x 507.8975pt>
File: files/capitoli/1-object-detection/assets/nms-example.png Graphic file (type png)
<use files/capitoli/1-object-detection/assets/nms-example.png>
Package pdftex.def Info: files/capitoli/1-object-detection/assets/nms-example.png  used on input line 125.
(pdftex.def)             Requested size: 272.99881pt x 208.66557pt.
 [9 <./files/capitoli/1-object-detection/assets/nms-example.png>]) (./files/capitoli/1-object-detection/1.2-modelli-object-detection.tex
Overfull \hbox (23.57115pt too wide) in paragraph at lines 14--15
\T1/cmr/m/n/12 di-men-sio-ne fis-sa e pas-sa-ta at-tra-ver-so una re-te con-vo-lu-zio-na-le pre-addestrata,
 []

[10]
<files/capitoli/1-object-detection/assets/r-cnn.png, id=530, 1405.25pt x 321.2pt>
File: files/capitoli/1-object-detection/assets/r-cnn.png Graphic file (type png)
<use files/capitoli/1-object-detection/assets/r-cnn.png>
Package pdftex.def Info: files/capitoli/1-object-detection/assets/r-cnn.png  used on input line 20.
(pdftex.def)             Requested size: 390.0pt x 89.1414pt.
 [11 <./files/capitoli/1-object-detection/assets/r-cnn.png>]
<files/capitoli/1-object-detection/assets/fast-r-cnn.png, id=541, 1116.17pt x 453.695pt>
File: files/capitoli/1-object-detection/assets/fast-r-cnn.png Graphic file (type png)
<use files/capitoli/1-object-detection/assets/fast-r-cnn.png>
Package pdftex.def Info: files/capitoli/1-object-detection/assets/fast-r-cnn.png  used on input line 36.
(pdftex.def)             Requested size: 312.00119pt x 126.81912pt.
 [12 <./files/capitoli/1-object-detection/assets/fast-r-cnn.png>]
<files/capitoli/1-object-detection/assets/faster-r-cnn.png, id=552, 803.0pt x 600.2425pt>
File: files/capitoli/1-object-detection/assets/faster-r-cnn.png Graphic file (type png)
<use files/capitoli/1-object-detection/assets/faster-r-cnn.png>
Package pdftex.def Info: files/capitoli/1-object-detection/assets/faster-r-cnn.png  used on input line 53.
(pdftex.def)             Requested size: 312.00119pt x 233.22353pt.
 [13 <./files/capitoli/1-object-detection/assets/faster-r-cnn.png>]
<files/capitoli/1-object-detection/assets/ssd.png, id=561, 904.37875pt x 272.01625pt>
File: files/capitoli/1-object-detection/assets/ssd.png Graphic file (type png)
<use files/capitoli/1-object-detection/assets/ssd.png>
Package pdftex.def Info: files/capitoli/1-object-detection/assets/ssd.png  used on input line 65.
(pdftex.def)             Requested size: 370.49881pt x 111.43607pt.
 [14 <./files/capitoli/1-object-detection/assets/ssd.png (PNG copy)>]
<files/capitoli/1-object-detection/assets/ssd-anchors.png, id=570, 692.5875pt x 214.8025pt>
File: files/capitoli/1-object-detection/assets/ssd-anchors.png Graphic file (type png)
<use files/capitoli/1-object-detection/assets/ssd-anchors.png>
Package pdftex.def Info: files/capitoli/1-object-detection/assets/ssd-anchors.png  used on input line 75.
(pdftex.def)             Requested size: 390.0pt x 120.96048pt.
 [15 <./files/capitoli/1-object-detection/assets/ssd-anchors.png>]
<files/capitoli/1-object-detection/assets/yolo.png, id=581, 602.25pt x 382.42876pt>
File: files/capitoli/1-object-detection/assets/yolo.png Graphic file (type png)
<use files/capitoli/1-object-detection/assets/yolo.png>
Package pdftex.def Info: files/capitoli/1-object-detection/assets/yolo.png  used on input line 90.
(pdftex.def)             Requested size: 312.00119pt x 198.12883pt.
 [16 <./files/capitoli/1-object-detection/assets/yolo.png>]) (./files/capitoli/1-object-detection/1.3-applicazioni-object-detection.tex)) [17]
\openout2 = `files/capitoli/2-yolo/2-yolo.aux'.

 (./files/capitoli/2-yolo/2-yolo.tex
Capitolo 2.
(./files/capitoli/2-yolo/2.1-you-only-look-once.tex [18




]
<files/capitoli/2-yolo/assets/joseph-redmon.jpeg, id=605, 2409.0pt x 1806.75pt>
File: files/capitoli/2-yolo/assets/joseph-redmon.jpeg Graphic file (type jpg)
<use files/capitoli/2-yolo/assets/joseph-redmon.jpeg>
Package pdftex.def Info: files/capitoli/2-yolo/assets/joseph-redmon.jpeg  used on input line 14.
(pdftex.def)             Requested size: 312.00119pt x 233.97597pt.
) (./files/capitoli/2-yolo/2.2-evoluzione-yolo.tex [19 <./files/capitoli/2-yolo/assets/joseph-redmon.jpeg>] [20]
<files/capitoli/2-yolo/assets/yolov1-architecture.png, id=618, 1405.25pt x 585.18625pt>
File: files/capitoli/2-yolo/assets/yolov1-architecture.png Graphic file (type png)
<use files/capitoli/2-yolo/assets/yolov1-architecture.png>
Package pdftex.def Info: files/capitoli/2-yolo/assets/yolov1-architecture.png  used on input line 17.
(pdftex.def)             Requested size: 390.0pt x 162.4045pt.
 [21 <./files/capitoli/2-yolo/assets/yolov1-architecture.png>] [22]
<files/capitoli/2-yolo/assets/yolov2-benchmark.jpeg, id=636, 1256.695pt x 867.24pt>
File: files/capitoli/2-yolo/assets/yolov2-benchmark.jpeg Graphic file (type jpg)
<use files/capitoli/2-yolo/assets/yolov2-benchmark.jpeg>
Package pdftex.def Info: files/capitoli/2-yolo/assets/yolov2-benchmark.jpeg  used on input line 41.
(pdftex.def)             Requested size: 272.99881pt x 188.38498pt.
 [23 <./files/capitoli/2-yolo/assets/yolov2-benchmark.jpeg>]
<files/capitoli/2-yolo/assets/yolov3-benchmark.jpeg, id=646, 1226.5825pt x 706.64pt>
File: files/capitoli/2-yolo/assets/yolov3-benchmark.jpeg Graphic file (type jpg)
<use files/capitoli/2-yolo/assets/yolov3-benchmark.jpeg>
Package pdftex.def Info: files/capitoli/2-yolo/assets/yolov3-benchmark.jpeg  used on input line 57.
(pdftex.def)             Requested size: 312.00119pt x 179.74335pt.
 [24 <./files/capitoli/2-yolo/assets/yolov3-benchmark.jpeg>]
<files/capitoli/2-yolo/assets/yolov4-benchmark.jpeg, id=656, 1124.2pt x 867.24pt>
File: files/capitoli/2-yolo/assets/yolov4-benchmark.jpeg Graphic file (type jpg)
<use files/capitoli/2-yolo/assets/yolov4-benchmark.jpeg>
Package pdftex.def Info: files/capitoli/2-yolo/assets/yolov4-benchmark.jpeg  used on input line 73.
(pdftex.def)             Requested size: 312.00119pt x 240.6818pt.
 [25 <./files/capitoli/2-yolo/assets/yolov4-benchmark.jpeg>] [26]
<files/capitoli/2-yolo/assets/yolov5-benchmark.png, id=669, 1409.265pt x 948.54375pt>
File: files/capitoli/2-yolo/assets/yolov5-benchmark.png Graphic file (type png)
<use files/capitoli/2-yolo/assets/yolov5-benchmark.png>
Package pdftex.def Info: files/capitoli/2-yolo/assets/yolov5-benchmark.png  used on input line 92.
(pdftex.def)             Requested size: 350.99762pt x 236.23799pt.
 [27 <./files/capitoli/2-yolo/assets/yolov5-benchmark.png>] [28]) (./files/capitoli/2-yolo/2.3-modelli-utilizzati.tex [29]
<files/capitoli/2-yolo/assets/yolov8-benchmark.png, id=692, 578.16pt x 216.81pt>
File: files/capitoli/2-yolo/assets/yolov8-benchmark.png Graphic file (type png)
<use files/capitoli/2-yolo/assets/yolov8-benchmark.png>
Package pdftex.def Info: files/capitoli/2-yolo/assets/yolov8-benchmark.png  used on input line 21.
(pdftex.def)             Requested size: 370.49881pt x 138.93657pt.
 [30 <./files/capitoli/2-yolo/assets/yolov8-benchmark.png>] [31]
<files/capitoli/2-yolo/assets/yolov8-architecture.png, id=707, 1606.0pt x 1681.28125pt>
File: files/capitoli/2-yolo/assets/yolov8-architecture.png Graphic file (type png)
<use files/capitoli/2-yolo/assets/yolov8-architecture.png>
Package pdftex.def Info: files/capitoli/2-yolo/assets/yolov8-architecture.png  used on input line 39.
(pdftex.def)             Requested size: 390.0pt x 408.28745pt.
 [32 <./files/capitoli/2-yolo/assets/yolov8-architecture.png>]
<files/capitoli/2-yolo/assets/yoloworld-ovd.png, id=716, 3339.47626pt x 631.35875pt>
File: files/capitoli/2-yolo/assets/yoloworld-ovd.png Graphic file (type png)
<use files/capitoli/2-yolo/assets/yoloworld-ovd.png>
Package pdftex.def Info: files/capitoli/2-yolo/assets/yoloworld-ovd.png  used on input line 57.
(pdftex.def)             Requested size: 390.0pt x 73.72705pt.
 [33 <./files/capitoli/2-yolo/assets/yoloworld-ovd.png>] [34]
<files/capitoli/2-yolo/assets/yoloworld-architecture.jpeg, id=730, 3323.41624pt x 1395.2125pt>
File: files/capitoli/2-yolo/assets/yoloworld-architecture.jpeg Graphic file (type jpg)
<use files/capitoli/2-yolo/assets/yoloworld-architecture.jpeg>
Package pdftex.def Info: files/capitoli/2-yolo/assets/yoloworld-architecture.jpeg  used on input line 86.
(pdftex.def)             Requested size: 390.0pt x 163.71394pt.
 [35 <./files/capitoli/2-yolo/assets/yoloworld-architecture.jpeg>] [36]
<files/capitoli/2-yolo/assets/rtdetr-architecture.png, id=744, 2830.575pt x 933.4875pt>
File: files/capitoli/2-yolo/assets/rtdetr-architecture.png Graphic file (type png)
<use files/capitoli/2-yolo/assets/rtdetr-architecture.png>
Package pdftex.def Info: files/capitoli/2-yolo/assets/rtdetr-architecture.png  used on input line 117.
(pdftex.def)             Requested size: 390.0pt x 128.60776pt.
)) [37 <./files/capitoli/2-yolo/assets/rtdetr-architecture.png>]
\openout2 = `files/capitoli/3-data-augmentation/3-data-augmentation.aux'.

 (./files/capitoli/3-data-augmentation/3-data-augmentation.tex
Capitolo 3.
(./files/capitoli/3-data-augmentation/3.1-intro-data-augmentation.tex
<files/capitoli/3-data-augmentation/assets/augmentation-example.png, id=753, 853.1875pt x 589.20125pt>
File: files/capitoli/3-data-augmentation/assets/augmentation-example.png Graphic file (type png)
<use files/capitoli/3-data-augmentation/assets/augmentation-example.png>
Package pdftex.def Info: files/capitoli/3-data-augmentation/assets/augmentation-example.png  used on input line 8.
(pdftex.def)             Requested size: 272.99881pt x 188.53026pt.
 [38




 <./files/capitoli/3-data-augmentation/assets/augmentation-example.png>] [39]) (./files/capitoli/3-data-augmentation/3.2-tecniche-data-augmentation.tex [40]
<files/capitoli/3-data-augmentation/assets/geometric-transformations.png, id=770, 204.765pt x 109.6095pt>
File: files/capitoli/3-data-augmentation/assets/geometric-transformations.png Graphic file (type png)
<use files/capitoli/3-data-augmentation/assets/geometric-transformations.png>
Package pdftex.def Info: files/capitoli/3-data-augmentation/assets/geometric-transformations.png  used on input line 21.
(pdftex.def)             Requested size: 350.99762pt x 187.8991pt.
 [41 <./files/capitoli/3-data-augmentation/assets/geometric-transformations.png>]
<files/capitoli/3-data-augmentation/assets/color-transformations.png, id=780, 939.51pt x 576.1525pt>
File: files/capitoli/3-data-augmentation/assets/color-transformations.png Graphic file (type png)
<use files/capitoli/3-data-augmentation/assets/color-transformations.png>
Package pdftex.def Info: files/capitoli/3-data-augmentation/assets/color-transformations.png  used on input line 38.
(pdftex.def)             Requested size: 312.00119pt x 191.33533pt.
 [42 <./files/capitoli/3-data-augmentation/assets/color-transformations.png (PNG copy)>]
<files/capitoli/3-data-augmentation/assets/distortion-noise.png, id=789, 361.35pt x 226.2051pt>
File: files/capitoli/3-data-augmentation/assets/distortion-noise.png Graphic file (type png)
<use files/capitoli/3-data-augmentation/assets/distortion-noise.png>
Package pdftex.def Info: files/capitoli/3-data-augmentation/assets/distortion-noise.png  used on input line 57.
(pdftex.def)             Requested size: 312.00119pt x 195.31264pt.
 [43 <./files/capitoli/3-data-augmentation/assets/distortion-noise.png>]
<files/capitoli/3-data-augmentation/assets/gan-augmentation.png, id=797, 1076.02pt x 438.63875pt>
File: files/capitoli/3-data-augmentation/assets/gan-augmentation.png Graphic file (type png)
<use files/capitoli/3-data-augmentation/assets/gan-augmentation.png>
Package pdftex.def Info: files/capitoli/3-data-augmentation/assets/gan-augmentation.png  used on input line 73.
(pdftex.def)             Requested size: 350.99762pt x 143.08464pt.
 [44 <./files/capitoli/3-data-augmentation/assets/gan-augmentation.png>]
<files/capitoli/3-data-augmentation/assets/mixup-cutout-cutmix.png, id=806, 853.1875pt x 588.1975pt>
File: files/capitoli/3-data-augmentation/assets/mixup-cutout-cutmix.png Graphic file (type png)
<use files/capitoli/3-data-augmentation/assets/mixup-cutout-cutmix.png>
Package pdftex.def Info: files/capitoli/3-data-augmentation/assets/mixup-cutout-cutmix.png  used on input line 86.
(pdftex.def)             Requested size: 312.00119pt x 215.09866pt.
 [45 <./files/capitoli/3-data-augmentation/assets/mixup-cutout-cutmix.png>]))
\openout2 = `files/capitoli/4-sperimentazione-risultati/4-sperimentazione-risultati.aux'.

 (./files/capitoli/4-sperimentazione-risultati/4-sperimentazione-risultati.tex
Capitolo 4.
(./files/capitoli/4-sperimentazione-risultati/4.1-obiettivo.tex [46




]) (./files/capitoli/4-sperimentazione-risultati/4.2-preparazione-dataset.tex
<files/capitoli/4-sperimentazione-risultati/assets/flir-example.png, id=820, 642.4pt x 513.92pt>
File: files/capitoli/4-sperimentazione-risultati/assets/flir-example.png Graphic file (type png)
<use files/capitoli/4-sperimentazione-risultati/assets/flir-example.png>
Package pdftex.def Info: files/capitoli/4-sperimentazione-risultati/assets/flir-example.png  used on input line 12.
(pdftex.def)             Requested size: 312.00119pt x 249.60378pt.
 [47 <./files/capitoli/4-sperimentazione-risultati/assets/flir-example.png (PNG copy)>]
<files/capitoli/4-sperimentazione-risultati/assets/flir-adas.png, id=830, 242.9075pt x 259.97125pt>
File: files/capitoli/4-sperimentazione-risultati/assets/flir-adas.png Graphic file (type png)
<use files/capitoli/4-sperimentazione-risultati/assets/flir-adas.png>
Package pdftex.def Info: files/capitoli/4-sperimentazione-risultati/assets/flir-adas.png  used on input line 29.
(pdftex.def)             Requested size: 136.50238pt x 146.09065pt.
LaTeX Font Info:    Trying to load font information for T1+cmtt on input line 33.
 (/usr/local/texlive/2024/texmf-dist/tex/latex/base/t1cmtt.fd
File: t1cmtt.fd 2023/04/13 v2.5m Standard LaTeX font definitions
) [48 <./files/capitoli/4-sperimentazione-risultati/assets/flir-adas.png>]
<files/capitoli/4-sperimentazione-risultati/assets/yolo-data-format.png, id=839, 162.6075pt x 182.6825pt>
File: files/capitoli/4-sperimentazione-risultati/assets/yolo-data-format.png Graphic file (type png)
<use files/capitoli/4-sperimentazione-risultati/assets/yolo-data-format.png>
Package pdftex.def Info: files/capitoli/4-sperimentazione-risultati/assets/yolo-data-format.png  used on input line 41.
(pdftex.def)             Requested size: 89.69833pt x 100.77394pt.
<files/capitoli/4-sperimentazione-risultati/assets/label-example.png, id=840, 405.515pt x 179.67125pt>
File: files/capitoli/4-sperimentazione-risultati/assets/label-example.png Graphic file (type png)
<use files/capitoli/4-sperimentazione-risultati/assets/label-example.png>
Package pdftex.def Info: files/capitoli/4-sperimentazione-risultati/assets/label-example.png  used on input line 53.
(pdftex.def)             Requested size: 272.99881pt x 120.9603pt.
 [49 <./files/capitoli/4-sperimentazione-risultati/assets/yolo-data-format.png> <./files/capitoli/4-sperimentazione-risultati/assets/label-example.png>]
<files/capitoli/4-sperimentazione-risultati/assets/class-counts.png, id=849, 803.0pt x 558.085pt>
File: files/capitoli/4-sperimentazione-risultati/assets/class-counts.png Graphic file (type png)
<use files/capitoli/4-sperimentazione-risultati/assets/class-counts.png>
Package pdftex.def Info: files/capitoli/4-sperimentazione-risultati/assets/class-counts.png  used on input line 63.
(pdftex.def)             Requested size: 390.0pt x 271.05411pt.
 [50 <./files/capitoli/4-sperimentazione-risultati/assets/class-counts.png>] [51]) (./files/capitoli/4-sperimentazione-risultati/4.3-modelli.tex [52]
<files/capitoli/4-sperimentazione-risultati/assets/test-script.png, id=870, 384.43625pt x 153.57375pt>
File: files/capitoli/4-sperimentazione-risultati/assets/test-script.png Graphic file (type png)
<use files/capitoli/4-sperimentazione-risultati/assets/test-script.png>
Package pdftex.def Info: files/capitoli/4-sperimentazione-risultati/assets/test-script.png  used on input line 25.
(pdftex.def)             Requested size: 195.0pt x 77.89977pt.
 [53 <./files/capitoli/4-sperimentazione-risultati/assets/test-script.png>]
<files/capitoli/4-sperimentazione-risultati/assets/iou.png, id=878, 602.25pt x 469.755pt>
File: files/capitoli/4-sperimentazione-risultati/assets/iou.png Graphic file (type png)
<use files/capitoli/4-sperimentazione-risultati/assets/iou.png>
Package pdftex.def Info: files/capitoli/4-sperimentazione-risultati/assets/iou.png  used on input line 41.
(pdftex.def)             Requested size: 155.99762pt x 121.67467pt.
 [54 <./files/capitoli/4-sperimentazione-risultati/assets/iou.png>]
<files/capitoli/4-sperimentazione-risultati/assets/untrained-metrics.png, id=888, 1172.38pt x 429.605pt>
File: files/capitoli/4-sperimentazione-risultati/assets/untrained-metrics.png Graphic file (type png)
<use files/capitoli/4-sperimentazione-risultati/assets/untrained-metrics.png>
Package pdftex.def Info: files/capitoli/4-sperimentazione-risultati/assets/untrained-metrics.png  used on input line 63.
(pdftex.def)             Requested size: 390.0pt x 142.91069pt.
<files/capitoli/4-sperimentazione-risultati/assets/coco-maps.png, id=889, 191.71625pt x 122.4575pt>
File: files/capitoli/4-sperimentazione-risultati/assets/coco-maps.png Graphic file (type png)
<use files/capitoli/4-sperimentazione-risultati/assets/coco-maps.png>
Package pdftex.def Info: files/capitoli/4-sperimentazione-risultati/assets/coco-maps.png  used on input line 71.
(pdftex.def)             Requested size: 117.00119pt x 74.73445pt.
 [55 <./files/capitoli/4-sperimentazione-risultati/assets/untrained-metrics.png> <./files/capitoli/4-sperimentazione-risultati/assets/coco-maps.png>]
<files/capitoli/4-sperimentazione-risultati/assets/initial-detections.png, id=898, 403.5075pt x 1058.95625pt>
File: files/capitoli/4-sperimentazione-risultati/assets/initial-detections.png Graphic file (type png)
<use files/capitoli/4-sperimentazione-risultati/assets/initial-detections.png>
Package pdftex.def Info: files/capitoli/4-sperimentazione-risultati/assets/initial-detections.png  used on input line 79.
(pdftex.def)             Requested size: 234.00238pt x 614.11427pt.


LaTeX Warning: Float too large for page by 48.7429pt on input line 81.

[56 <./files/capitoli/4-sperimentazione-risultati/assets/initial-detections.png>]) (./files/capitoli/4-sperimentazione-risultati/4.4-addestramento-dataset-filtrato.tex
<files/capitoli/4-sperimentazione-risultati/assets/train-script.png, id=906, 677.53125pt x 72.27pt>
File: files/capitoli/4-sperimentazione-risultati/assets/train-script.png Graphic file (type png)
<use files/capitoli/4-sperimentazione-risultati/assets/train-script.png>
Package pdftex.def Info: files/capitoli/4-sperimentazione-risultati/assets/train-script.png  used on input line 9.
(pdftex.def)             Requested size: 390.0pt x 41.60123pt.
 [57


 <./files/capitoli/4-sperimentazione-risultati/assets/train-script.png>] [58]
Overfull \hbox (26.94122pt too wide) in paragraph at lines 41--42
[]\T1/cmr/m/n/12 Il pri-mo ad-de-stra-men-to dei mo-del-li è sta-to con-dot-to sul da-ta-set \T1/cmtt/m/n/12 filtered-data
 []

<files/capitoli/4-sperimentazione-risultati/assets/filtered-data-metrics.png, id=919, 1170.3725pt x 538.01pt>
File: files/capitoli/4-sperimentazione-risultati/assets/filtered-data-metrics.png Graphic file (type png)
<use files/capitoli/4-sperimentazione-risultati/assets/filtered-data-metrics.png>
Package pdftex.def Info: files/capitoli/4-sperimentazione-risultati/assets/filtered-data-metrics.png  used on input line 47.
(pdftex.def)             Requested size: 390.0pt x 179.27602pt.
[59 <./files/capitoli/4-sperimentazione-risultati/assets/filtered-data-metrics.png>]
<files/capitoli/4-sperimentazione-risultati/assets/filtered-data-compare.png, id=926, 762.85pt x 722.7pt>
File: files/capitoli/4-sperimentazione-risultati/assets/filtered-data-compare.png Graphic file (type png)
<use files/capitoli/4-sperimentazione-risultati/assets/filtered-data-compare.png>
Package pdftex.def Info: files/capitoli/4-sperimentazione-risultati/assets/filtered-data-compare.png  used on input line 58.
(pdftex.def)             Requested size: 350.99762pt x 332.52322pt.
 [60

 <./files/capitoli/4-sperimentazione-risultati/assets/filtered-data-compare.png>]
<files/capitoli/4-sperimentazione-risultati/assets/filtered-data-detections.png, id=934, 401.5pt x 1056.94875pt>
File: files/capitoli/4-sperimentazione-risultati/assets/filtered-data-detections.png Graphic file (type png)
<use files/capitoli/4-sperimentazione-risultati/assets/filtered-data-detections.png>
Package pdftex.def Info: files/capitoli/4-sperimentazione-risultati/assets/filtered-data-detections.png  used on input line 66.
(pdftex.def)             Requested size: 234.00238pt x 616.03046pt.


LaTeX Warning: Float too large for page by 50.65909pt on input line 68.

[61 <./files/capitoli/4-sperimentazione-risultati/assets/filtered-data-detections.png>]) (./files/capitoli/4-sperimentazione-risultati/4.5-addestramento-dataset-aumentato.tex [62


]
<files/capitoli/4-sperimentazione-risultati/assets/transform-1.png, id=947, 595.22375pt x 134.5025pt>
File: files/capitoli/4-sperimentazione-risultati/assets/transform-1.png Graphic file (type png)
<use files/capitoli/4-sperimentazione-risultati/assets/transform-1.png>
Package pdftex.def Info: files/capitoli/4-sperimentazione-risultati/assets/transform-1.png  used on input line 16.
(pdftex.def)             Requested size: 350.99762pt x 79.31473pt.
 [63 <./files/capitoli/4-sperimentazione-risultati/assets/transform-1.png>]
<files/capitoli/4-sperimentazione-risultati/assets/augmented-data-1-example.png, id=954, 508.90125pt x 880.28876pt>
File: files/capitoli/4-sperimentazione-risultati/assets/augmented-data-1-example.png Graphic file (type png)
<use files/capitoli/4-sperimentazione-risultati/assets/augmented-data-1-example.png>
Package pdftex.def Info: files/capitoli/4-sperimentazione-risultati/assets/augmented-data-1-example.png  used on input line 28.
(pdftex.def)             Requested size: 312.00119pt x 539.71552pt.
 [64

 <./files/capitoli/4-sperimentazione-risultati/assets/augmented-data-1-example.png>]
<files/capitoli/4-sperimentazione-risultati/assets/augmented-data-1-metrics.png, id=961, 1169.36874pt x 536.0025pt>
File: files/capitoli/4-sperimentazione-risultati/assets/augmented-data-1-metrics.png Graphic file (type png)
<use files/capitoli/4-sperimentazione-risultati/assets/augmented-data-1-metrics.png>
Package pdftex.def Info: files/capitoli/4-sperimentazione-risultati/assets/augmented-data-1-metrics.png  used on input line 40.
(pdftex.def)             Requested size: 390.0pt x 178.76248pt.
 [65

 <./files/capitoli/4-sperimentazione-risultati/assets/augmented-data-1-metrics.png>]
<files/capitoli/4-sperimentazione-risultati/assets/augmented-data-1-compare.png, id=968, 758.835pt x 746.79pt>
File: files/capitoli/4-sperimentazione-risultati/assets/augmented-data-1-compare.png Graphic file (type png)
<use files/capitoli/4-sperimentazione-risultati/assets/augmented-data-1-compare.png>
Package pdftex.def Info: files/capitoli/4-sperimentazione-risultati/assets/augmented-data-1-compare.png  used on input line 50.
(pdftex.def)             Requested size: 350.99762pt x 345.43054pt.
 [66

 <./files/capitoli/4-sperimentazione-risultati/assets/augmented-data-1-compare.png>]
<files/capitoli/4-sperimentazione-risultati/assets/augmented-data-1-detections.png, id=976, 402.50375pt x 1057.9525pt>
File: files/capitoli/4-sperimentazione-risultati/assets/augmented-data-1-detections.png Graphic file (type png)
<use files/capitoli/4-sperimentazione-risultati/assets/augmented-data-1-detections.png>
Package pdftex.def Info: files/capitoli/4-sperimentazione-risultati/assets/augmented-data-1-detections.png  used on input line 58.
(pdftex.def)             Requested size: 234.00238pt x 615.0496pt.


LaTeX Warning: Float too large for page by 62.0496pt on input line 60.

[67 <./files/capitoli/4-sperimentazione-risultati/assets/augmented-data-1-detections.png>]
<files/capitoli/4-sperimentazione-risultati/assets/transform-2.png, id=983, 598.235pt x 187.70125pt>
File: files/capitoli/4-sperimentazione-risultati/assets/transform-2.png Graphic file (type png)
<use files/capitoli/4-sperimentazione-risultati/assets/transform-2.png>
Package pdftex.def Info: files/capitoli/4-sperimentazione-risultati/assets/transform-2.png  used on input line 71.
(pdftex.def)             Requested size: 350.99762pt x 110.12985pt.
 [68


 <./files/capitoli/4-sperimentazione-risultati/assets/transform-2.png>]
<files/capitoli/4-sperimentazione-risultati/assets/augmented-data-2-example.png, id=990, 508.90125pt x 882.29625pt>
File: files/capitoli/4-sperimentazione-risultati/assets/augmented-data-2-example.png Graphic file (type png)
<use files/capitoli/4-sperimentazione-risultati/assets/augmented-data-2-example.png>
Package pdftex.def Info: files/capitoli/4-sperimentazione-risultati/assets/augmented-data-2-example.png  used on input line 83.
(pdftex.def)             Requested size: 312.00119pt x 540.94633pt.
 [69

 <./files/capitoli/4-sperimentazione-risultati/assets/augmented-data-2-example.png>]
<files/capitoli/4-sperimentazione-risultati/assets/augmented-data-2-metrics.png, id=997, 1171.37625pt x 538.01pt>
File: files/capitoli/4-sperimentazione-risultati/assets/augmented-data-2-metrics.png Graphic file (type png)
<use files/capitoli/4-sperimentazione-risultati/assets/augmented-data-2-metrics.png>
Package pdftex.def Info: files/capitoli/4-sperimentazione-risultati/assets/augmented-data-2-metrics.png  used on input line 94.
(pdftex.def)             Requested size: 390.0pt x 179.12825pt.
 [70

 <./files/capitoli/4-sperimentazione-risultati/assets/augmented-data-2-metrics.png>]
<files/capitoli/4-sperimentazione-risultati/assets/augmented-data-2-compare.png, id=1004, 761.84625pt x 959.585pt>
File: files/capitoli/4-sperimentazione-risultati/assets/augmented-data-2-compare.png Graphic file (type png)
<use files/capitoli/4-sperimentazione-risultati/assets/augmented-data-2-compare.png>
Package pdftex.def Info: files/capitoli/4-sperimentazione-risultati/assets/augmented-data-2-compare.png  used on input line 111.
(pdftex.def)             Requested size: 350.99762pt x 442.088pt.
 [71

 <./files/capitoli/4-sperimentazione-risultati/assets/augmented-data-2-compare.png>]
<files/capitoli/4-sperimentazione-risultati/assets/augmented-data-2-detections.png, id=1011, 399.4925pt x 1056.94875pt>
File: files/capitoli/4-sperimentazione-risultati/assets/augmented-data-2-detections.png Graphic file (type png)
<use files/capitoli/4-sperimentazione-risultati/assets/augmented-data-2-detections.png>
Package pdftex.def Info: files/capitoli/4-sperimentazione-risultati/assets/augmented-data-2-detections.png  used on input line 119.
(pdftex.def)             Requested size: 234.00238pt x 619.11086pt.


LaTeX Warning: Float too large for page by 66.11086pt on input line 121.

[72 <./files/capitoli/4-sperimentazione-risultati/assets/augmented-data-2-detections.png>]
<files/capitoli/4-sperimentazione-risultati/assets/augmented-data-2(100)-metrics.png, id=1019, 1171.37625pt x 539.01375pt>
File: files/capitoli/4-sperimentazione-risultati/assets/augmented-data-2(100)-metrics.png Graphic file (type png)
<use files/capitoli/4-sperimentazione-risultati/assets/augmented-data-2(100)-metrics.png>
Package pdftex.def Info: files/capitoli/4-sperimentazione-risultati/assets/augmented-data-2(100)-metrics.png  used on input line 130.
(pdftex.def)             Requested size: 390.0pt x 179.46245pt.
 [73


 <./files/capitoli/4-sperimentazione-risultati/assets/augmented-data-2(100)-metrics.png>]
<files/capitoli/4-sperimentazione-risultati/assets/augmented-data-2(100)-compare.png, id=1026, 610.28pt x 934.49126pt>
File: files/capitoli/4-sperimentazione-risultati/assets/augmented-data-2(100)-compare.png Graphic file (type png)
<use files/capitoli/4-sperimentazione-risultati/assets/augmented-data-2(100)-compare.png>
Package pdftex.def Info: files/capitoli/4-sperimentazione-risultati/assets/augmented-data-2(100)-compare.png  used on input line 146.
(pdftex.def)             Requested size: 350.99762pt x 537.48515pt.
 [74 <./files/capitoli/4-sperimentazione-risultati/assets/augmented-data-2(100)-compare.png>]
<files/capitoli/4-sperimentazione-risultati/assets/augmented-data-2(100)-detections.png, id=1033, 431.6125pt x 1140.26pt>
File: files/capitoli/4-sperimentazione-risultati/assets/augmented-data-2(100)-detections.png Graphic file (type png)
<use files/capitoli/4-sperimentazione-risultati/assets/augmented-data-2(100)-detections.png>
Package pdftex.def Info: files/capitoli/4-sperimentazione-risultati/assets/augmented-data-2(100)-detections.png  used on input line 154.
(pdftex.def)             Requested size: 234.00238pt x 618.20189pt.


LaTeX Warning: Float too large for page by 65.20189pt on input line 156.

[75 <./files/capitoli/4-sperimentazione-risultati/assets/augmented-data-2(100)-detections.png>]) (./files/capitoli/4-sperimentazione-risultati/4.6-modello-ottimale.tex
<files/capitoli/4-sperimentazione-risultati/assets/yolov8l-metrics.png, id=1041, 352.31625pt x 430.60875pt>
File: files/capitoli/4-sperimentazione-risultati/assets/yolov8l-metrics.png Graphic file (type png)
<use files/capitoli/4-sperimentazione-risultati/assets/yolov8l-metrics.png>
Package pdftex.def Info: files/capitoli/4-sperimentazione-risultati/assets/yolov8l-metrics.png  used on input line 6.
(pdftex.def)             Requested size: 195.0pt x 238.33362pt.
 [76



 <./files/capitoli/4-sperimentazione-risultati/assets/yolov8l-metrics.png>]
<files/capitoli/4-sperimentazione-risultati/assets/yolov8l-detections-special.png, id=1048, 573.8238pt x 462.528pt>
File: files/capitoli/4-sperimentazione-risultati/assets/yolov8l-detections-special.png Graphic file (type png)
<use files/capitoli/4-sperimentazione-risultati/assets/yolov8l-detections-special.png>
Package pdftex.def Info: files/capitoli/4-sperimentazione-risultati/assets/yolov8l-detections-special.png  used on input line 16.
(pdftex.def)             Requested size: 390.0pt x 314.3596pt.
 [77

 <./files/capitoli/4-sperimentazione-risultati/assets/yolov8l-detections-special.png>]))
\openout2 = `files/capitoli/5-conclusioni/5-conclusioni.aux'.

 (./files/capitoli/5-conclusioni/5-conclusioni.tex) [78





] (./thesis.bbl
Underfull \hbox (badness 10000) in paragraph at lines 9--12
[]\T1/cmr/m/n/12 Comprehensive gui-de to ul-tra-ly-tics yo-lov5.  []$\T1/cmtt/m/n/12 https : / /
 []


Underfull \hbox (badness 2653) in paragraph at lines 19--22
[]\T1/cmr/m/n/12 Exploring ob-ject de-tec-tion ap-pli-ca-tions.  []$\T1/cmtt/m/n/12 https : / / deeplobe\OML/cmm/m/it/12 :\T1/cmtt/m/n/12 ai /
 []


Underfull \hbox (badness 10000) in paragraph at lines 24--27
[]\T1/cmr/m/n/12 Getting star-ted with ssd mul-ti-box de-tec-tion.  []$\T1/cmtt/m/n/12 https :
 []


Underfull \hbox (badness 10000) in paragraph at lines 24--27
\T1/cmtt/m/n/12 / / it\OML/cmm/m/it/12 :\T1/cmtt/m/n/12 mathworks\OML/cmm/m/it/12 :\T1/cmtt/m/n/12 com / help / vision / ug / getting -[] started -[] with -[]
 []


Underfull \hbox (badness 10000) in paragraph at lines 29--32
[]\T1/cmr/m/n/12 How single-shot de-tec-tor (ssd) works?  []$\T1/cmtt/m/n/12 https : / /
 []


Underfull \hbox (badness 2671) in paragraph at lines 29--32
\T1/cmtt/m/n/12 developers\OML/cmm/m/it/12 :\T1/cmtt/m/n/12 arcgis\OML/cmm/m/it/12 :\T1/cmtt/m/n/12 com / python / guide / how -[] ssd -[] works$[]\T1/cmr/m/n/12 .  Ac-ces-sed:
 []


Underfull \hbox (badness 10000) in paragraph at lines 39--42
[]\T1/cmr/m/n/12 Model va-li-da-tion with ul-tra-ly-tics yo-lo.  []$\T1/cmtt/m/n/12 https : / /
 []

[79



]
Underfull \hbox (badness 1571) in paragraph at lines 59--62
[]\T1/cmr/m/n/12 Yolo-world mo-del.  []$\T1/cmtt/m/n/12 https : / / docs\OML/cmm/m/it/12 :\T1/cmtt/m/n/12 ultralytics\OML/cmm/m/it/12 :\T1/cmtt/m/n/12 com / models / yolo -[]
 []


Underfull \hbox (badness 1033) in paragraph at lines 69--73
\T1/cmr/m/n/12 de-tec-tion.  []$\T1/cmtt/m/n/12 https : / / www\OML/cmm/m/it/12 :\T1/cmtt/m/n/12 linkedin\OML/cmm/m/it/12 :\T1/cmtt/m/n/12 com / pulse / introduction -[] yolo -[]
 []


Underfull \hbox (badness 10000) in paragraph at lines 80--84
[]\T1/cmr/m/n/12 Shilpa Ananth.  R-cnn for ob-ject de-tec-tion.  []$\T1/cmtt/m/n/12 https :
 []


Underfull \hbox (badness 10000) in paragraph at lines 80--84
\T1/cmtt/m/n/12 / / towardsdatascience\OML/cmm/m/it/12 :\T1/cmtt/m/n/12 com / r -[] cnn -[] for -[] object -[] detection -[] a -[]
 []


Underfull \hbox (badness 4217) in paragraph at lines 86--90
[]\T1/cmr/m/n/12 Ankushsharma.  Yo-lo v1 ar-chi-tec-tu-re.  []$\T1/cmtt/m/n/12 https : / / medium\OML/cmm/m/it/12 :\T1/cmtt/m/n/12 com /
 []


Underfull \hbox (badness 10000) in paragraph at lines 86--90
\T1/cmtt/m/n/12 @ankushsharma2805 / yolo -[] v1 -[] v2 -[] v3 -[] architecture -[] 1ccac0f6206e$[]\T1/cmr/m/n/12 ,
 []


Underfull \hbox (badness 1194) in paragraph at lines 92--96
[]\T1/cmr/m/n/12 Andrea Ca-pua-no.  Ex-trac-ting fea-tu-res from con-vo-lu-tio-nal neu-ral
 []


Underfull \hbox (badness 1990) in paragraph at lines 92--96
\T1/cmr/m/n/12 net-works for ima-ge re-trie-val.  []$\T1/cmtt/m/n/12 https : / / medium\OML/cmm/m/it/12 :\T1/cmtt/m/n/12 com / arocketman /
 []


Underfull \hbox (badness 10000) in paragraph at lines 92--96
\T1/cmtt/m/n/12 extracting -[] features -[] from -[] convolutional -[] neural -[] networks -[]
 []

[80] [81]
Underfull \hbox (badness 10000) in paragraph at lines 160--164
[]\T1/cmr/m/n/12 Joseph Red-mon.  How com-pu-ters learn to re-co-gni-
 []


Underfull \hbox (badness 10000) in paragraph at lines 160--164
\T1/cmr/m/n/12 ze ob-jec-ts in-stan-tly.  []$\T1/cmtt/m/n/12 https : / / www\OML/cmm/m/it/12 :\T1/cmtt/m/n/12 ted\OML/cmm/m/it/12 :\T1/cmtt/m/n/12 com / talks /
 []


Overfull \hbox (32.51482pt too wide) in paragraph at lines 160--164
\T1/cmtt/m/n/12 joseph[]redmon[]how[]computers[]learn[]to[]recognize[]objects[]instantly$[]\T1/cmr/m/n/12 ,
 []

[82]
Underfull \hbox (badness 10000) in paragraph at lines 194--198
[]\T1/cmr/m/n/12 Sumit Sin-gh.  What is da-ta aug-men-ta-tion.  []$\T1/cmtt/m/n/12 https :
 []


Underfull \hbox (badness 10000) in paragraph at lines 194--198
\T1/cmtt/m/n/12 / / www\OML/cmm/m/it/12 :\T1/cmtt/m/n/12 labellerr\OML/cmm/m/it/12 :\T1/cmtt/m/n/12 com / blog / what -[] is -[] data -[] augmentation -[]
 []


Underfull \hbox (badness 5036) in paragraph at lines 206--210
\T1/cmtt/m/n/12 blog\OML/cmm/m/it/12 :\T1/cmtt/m/n/12 roboflow\OML/cmm/m/it/12 :\T1/cmtt/m/n/12 com / yolov5 -[] improvements -[] and -[] evaluation/$[]\T1/cmr/m/n/12 , 2020.
 []


Underfull \hbox (badness 10000) in paragraph at lines 212--216
[]\T1/cmr/m/n/12 Jacob So-la-we-tz.  What is yo-lov8? the ul-ti-ma-te gui-de.
 []


Underfull \hbox (badness 10000) in paragraph at lines 212--216
[]$\T1/cmtt/m/n/12 https : / / blog\OML/cmm/m/it/12 :\T1/cmtt/m/n/12 roboflow\OML/cmm/m/it/12 :\T1/cmtt/m/n/12 com / whats -[] new -[] in -[] yolov8 / #yolov8 -[]
 []

[83]) [84] (./thesis.aux (./files/ringraziamenti.aux) (./files/capitoli/0-introduzione/0-introduzione.aux) (./files/capitoli/1-object-detection/1-object-detection.aux) (./files/capitoli/2-yolo/2-yolo.aux) (./files/capitoli/3-data-augmentation/3-data-augmentation.aux) (./files/capitoli/4-sperimentazione-risultati/4-sperimentazione-risultati.aux) (./files/capitoli/5-conclusioni/5-conclusioni.aux))
 ***********
LaTeX2e <2023-11-01> patch level 1
L3 programming layer <2024-02-20>
 ***********


LaTeX Warning: There were multiply-defined labels.

Package rerunfilecheck Info: File `thesis.out' has not changed.
(rerunfilecheck)             Checksum: C443A560CC492ACC5654213020E93BB7;12944.
 )
(\end occurred when \ifx on line 2 was incomplete) 
Here is how much of TeX's memory you used:
 15610 strings out of 474116
 274243 string characters out of 5743683
 1937187 words of memory out of 5000000
 37325 multiletter control sequences out of 15000+600000
 579463 words of font info for 78 fonts, out of 8000000 for 9000
 1141 hyphenation exceptions out of 8191
 90i,7n,93p,1119b,613s stack positions out of 10000i,1000n,20000p,200000b,200000s
</usr/local/texlive/2024/texmf-dist/fonts/type1/public/amsfonts/cm/cmmi12.pfb></usr/local/texlive/2024/texmf-dist/fonts/type1/public/amsfonts/cm/cmr12.pfb></usr/local/texlive/2024/texmf-dist/fonts/type1/public/amsfonts/cm/cmsy10.pfb></usr/local/texlive/2024/texmf-dist/fonts/type1/public/cm-super/sfbx1200.pfb></usr/local/texlive/2024/texmf-dist/fonts/type1/public/cm-super/sfbx1440.pfb></usr/local/texlive/2024/texmf-dist/fonts/type1/public/cm-super/sfbx1728.pfb></usr/local/texlive/2024/texmf-dist/fonts/type1/public/cm-super/sfbx2488.pfb></usr/local/texlive/2024/texmf-dist/fonts/type1/public/cm-super/sfcc1200.pfb></usr/local/texlive/2024/texmf-dist/fonts/type1/public/cm-super/sfcc1728.pfb></usr/local/texlive/2024/texmf-dist/fonts/type1/public/cm-super/sfrm1095.pfb></usr/local/texlive/2024/texmf-dist/fonts/type1/public/cm-super/sfrm1200.pfb></usr/local/texlive/2024/texmf-dist/fonts/type1/public/cm-super/sfsl1200.pfb></usr/local/texlive/2024/texmf-dist/fonts/type1/public/cm-super/sfti1200.pfb></usr/local/texlive/2024/texmf-dist/fonts/type1/public/cm-super/sftt1200.pfb></usr/local/texlive/2024/texmf-dist/fonts/type1/public/cm-super/sfxc1728.pfb></usr/local/texlive/2024/texmf-dist/fonts/type1/urw/times/utmri8a.pfb>
Output written on thesis.pdf (91 pages, 28435589 bytes).
PDF statistics:
 1278 PDF objects out of 1440 (max. 8388607)
 1037 compressed objects within 11 object streams
 287 named destinations out of 1000 (max. 500000)
 928 words of extra memory for PDF output out of 10000 (max. 10000000)

