\BOOKMARK [0][-]{chapter*.2}{\376\377\000I\000n\000t\000r\000o\000d\000u\000z\000i\000o\000n\000e}{}% 1
\BOOKMARK [0][-]{chapter.1}{\376\377\000O\000b\000j\000e\000c\000t\000\040\000D\000e\000t\000e\000c\000t\000i\000o\000n}{}% 2
\BOOKMARK [1][-]{section.1.1}{\376\377\000I\000l\000\040\000P\000r\000o\000b\000l\000e\000m\000a\000\040\000d\000e\000l\000l\000'\000O\000b\000j\000e\000c\000t\000\040\000D\000e\000t\000e\000c\000t\000i\000o\000n}{chapter.1}% 3
\BOOKMARK [2][-]{subsection.1.1.1}{\376\377\000C\000o\000m\000p\000u\000t\000e\000r\000\040\000V\000i\000s\000i\000o\000n}{section.1.1}% 4
\BOOKMARK [2][-]{subsection.1.1.2}{\376\377\000O\000b\000j\000e\000c\000t\000\040\000D\000e\000t\000e\000c\000t\000i\000o\000n}{section.1.1}% 5
\BOOKMARK [3][-]{section*.3}{\376\377\000F\000e\000a\000t\000u\000r\000e\000\040\000E\000x\000t\000r\000a\000c\000t\000i\000o\000n}{subsection.1.1.2}% 6
\BOOKMARK [3][-]{section*.4}{\376\377\000B\000o\000u\000n\000d\000i\000n\000g\000\040\000B\000o\000x\000\040\000P\000r\000e\000d\000i\000c\000t\000i\000o\000n\000\040\000e\000\040\000C\000l\000a\000s\000s\000i\000f\000i\000c\000a\000t\000i\000o\000n}{subsection.1.1.2}% 7
\BOOKMARK [3][-]{section*.5}{\376\377\000N\000o\000n\000-\000M\000a\000x\000i\000m\000u\000m\000\040\000S\000u\000p\000p\000r\000e\000s\000s\000i\000o\000n}{subsection.1.1.2}% 8
\BOOKMARK [1][-]{section.1.2}{\376\377\000M\000o\000d\000e\000l\000l\000i\000\040\000p\000e\000r\000\040\000l\000'\000O\000b\000j\000e\000c\000t\000\040\000D\000e\000t\000e\000c\000t\000i\000o\000n}{chapter.1}% 9
\BOOKMARK [2][-]{subsection.1.2.1}{\376\377\000R\000-\000C\000N\000N\000\040\000e\000\040\000V\000a\000r\000i\000a\000n\000t\000i}{section.1.2}% 10
\BOOKMARK [3][-]{section*.6}{\376\377\000R\000-\000C\000N\000N}{subsection.1.2.1}% 11
\BOOKMARK [3][-]{section*.7}{\376\377\000F\000a\000s\000t\000\040\000R\000-\000C\000N\000N}{subsection.1.2.1}% 12
\BOOKMARK [3][-]{section*.8}{\376\377\000F\000a\000s\000t\000e\000r\000\040\000R\000-\000C\000N\000N}{subsection.1.2.1}% 13
\BOOKMARK [2][-]{subsection.1.2.2}{\376\377\000S\000S\000D}{section.1.2}% 14
\BOOKMARK [2][-]{subsection.1.2.3}{\376\377\000Y\000O\000L\000O}{section.1.2}% 15
\BOOKMARK [1][-]{section.1.3}{\376\377\000A\000p\000p\000l\000i\000c\000a\000z\000i\000o\000n\000i\000\040\000d\000e\000l\000l\000'\000O\000b\000j\000e\000c\000t\000\040\000D\000e\000t\000e\000c\000t\000i\000o\000n}{chapter.1}% 16
\BOOKMARK [0][-]{chapter.2}{\376\377\000Y\000O\000L\000O}{}% 17
\BOOKMARK [1][-]{section.2.1}{\376\377\000Y\000o\000u\000\040\000O\000n\000l\000y\000\040\000L\000o\000o\000k\000\040\000O\000n\000c\000e}{chapter.2}% 18
\BOOKMARK [1][-]{section.2.2}{\376\377\000E\000v\000o\000l\000u\000z\000i\000o\000n\000e\000\040\000d\000i\000\040\000Y\000O\000L\000O}{chapter.2}% 19
\BOOKMARK [2][-]{subsection.2.2.1}{\376\377\000Y\000O\000L\000O\000v\0001}{section.2.2}% 20
\BOOKMARK [2][-]{subsection.2.2.2}{\376\377\000Y\000O\000L\000O\000v\0002}{section.2.2}% 21
\BOOKMARK [2][-]{subsection.2.2.3}{\376\377\000Y\000O\000L\000O\000v\0003}{section.2.2}% 22
\BOOKMARK [2][-]{subsection.2.2.4}{\376\377\000Y\000O\000L\000O\000v\0004}{section.2.2}% 23
\BOOKMARK [2][-]{subsection.2.2.5}{\376\377\000Y\000O\000L\000O\000v\0005}{section.2.2}% 24
\BOOKMARK [2][-]{subsection.2.2.6}{\376\377\000Y\000O\000L\000O\000v\0006}{section.2.2}% 25
\BOOKMARK [2][-]{subsection.2.2.7}{\376\377\000Y\000O\000L\000O\000v\0007}{section.2.2}% 26
\BOOKMARK [1][-]{section.2.3}{\376\377\000M\000o\000d\000e\000l\000l\000i\000\040\000u\000t\000i\000l\000i\000z\000z\000a\000t\000i}{chapter.2}% 27
\BOOKMARK [2][-]{subsection.2.3.1}{\376\377\000Y\000O\000L\000O\000v\0008}{section.2.3}% 28
\BOOKMARK [3][-]{section*.9}{\376\377\000M\000i\000g\000l\000i\000o\000r\000a\000m\000e\000n\000t\000i\000\040\000i\000n\000t\000r\000o\000d\000o\000t\000t\000i}{subsection.2.3.1}% 29
\BOOKMARK [3][-]{section*.10}{\376\377\000A\000r\000c\000h\000i\000t\000e\000t\000t\000u\000r\000a}{subsection.2.3.1}% 30
\BOOKMARK [2][-]{subsection.2.3.2}{\376\377\000Y\000O\000L\000O\000-\000W\000o\000r\000l\000d}{section.2.3}% 31
\BOOKMARK [3][-]{section*.11}{\376\377\000O\000p\000e\000n\000-\000V\000o\000c\000a\000b\000u\000l\000a\000r\000y\000\040\000O\000b\000j\000e\000c\000t\000\040\000D\000e\000t\000e\000c\000t\000i\000o\000n}{subsection.2.3.2}% 32
\BOOKMARK [3][-]{section*.12}{\376\377\000I\000n\000n\000o\000v\000a\000z\000i\000o\000n\000i\000\040\000i\000n\000t\000r\000o\000d\000o\000t\000t\000e}{subsection.2.3.2}% 33
\BOOKMARK [3][-]{section*.13}{\376\377\000A\000r\000c\000h\000i\000t\000e\000t\000t\000u\000r\000a}{subsection.2.3.2}% 34
\BOOKMARK [2][-]{subsection.2.3.3}{\376\377\000R\000T\000-\000D\000E\000T\000R}{section.2.3}% 35
\BOOKMARK [3][-]{section*.14}{\376\377\000C\000a\000r\000a\000t\000t\000e\000r\000i\000s\000t\000i\000c\000h\000e\000\040\000p\000r\000i\000n\000c\000i\000p\000a\000l\000i}{subsection.2.3.3}% 36
\BOOKMARK [3][-]{section*.15}{\376\377\000A\000r\000c\000h\000i\000t\000e\000t\000t\000u\000r\000a}{subsection.2.3.3}% 37
\BOOKMARK [0][-]{chapter.3}{\376\377\000D\000a\000t\000a\000\040\000A\000u\000g\000m\000e\000n\000t\000a\000t\000i\000o\000n}{}% 38
\BOOKMARK [1][-]{section.3.1}{\376\377\000I\000n\000t\000r\000o\000d\000u\000z\000i\000o\000n\000e\000\040\000a\000l\000l\000a\000\040\000D\000a\000t\000a\000\040\000A\000u\000g\000m\000e\000n\000t\000a\000t\000i\000o\000n}{chapter.3}% 39
\BOOKMARK [2][-]{subsection.3.1.1}{\376\377\000D\000e\000f\000i\000n\000i\000z\000i\000o\000n\000e}{section.3.1}% 40
\BOOKMARK [2][-]{subsection.3.1.2}{\376\377\000S\000c\000o\000p\000o}{section.3.1}% 41
\BOOKMARK [1][-]{section.3.2}{\376\377\000T\000e\000c\000n\000i\000c\000h\000e\000\040\000d\000i\000\040\000D\000a\000t\000a\000\040\000A\000u\000g\000m\000e\000n\000t\000a\000t\000i\000o\000n}{chapter.3}% 42
\BOOKMARK [2][-]{subsection.3.2.1}{\376\377\000T\000e\000c\000n\000i\000c\000h\000e\000\040\000B\000a\000s\000e\000\040\000d\000i\000\040\000D\000a\000t\000a\000\040\000A\000u\000g\000m\000e\000n\000t\000a\000t\000i\000o\000n}{section.3.2}% 43
\BOOKMARK [3][-]{section*.16}{\376\377\000T\000r\000a\000s\000f\000o\000r\000m\000a\000z\000i\000o\000n\000i\000\040\000G\000e\000o\000m\000e\000t\000r\000i\000c\000h\000e}{subsection.3.2.1}% 44
\BOOKMARK [3][-]{section*.17}{\376\377\000M\000o\000d\000i\000f\000i\000c\000h\000e\000\040\000d\000e\000i\000\040\000C\000o\000l\000o\000r\000i}{subsection.3.2.1}% 45
\BOOKMARK [3][-]{section*.18}{\376\377\000D\000i\000s\000t\000o\000r\000s\000i\000o\000n\000i\000\040\000e\000\040\000R\000u\000m\000o\000r\000e}{subsection.3.2.1}% 46
\BOOKMARK [2][-]{subsection.3.2.2}{\376\377\000T\000e\000c\000n\000i\000c\000h\000e\000\040\000A\000v\000a\000n\000z\000a\000t\000e\000\040\000d\000i\000\040\000D\000a\000t\000a\000\040\000A\000u\000g\000m\000e\000n\000t\000a\000t\000i\000o\000n}{section.3.2}% 47
\BOOKMARK [3][-]{section*.19}{\376\377\000A\000u\000g\000m\000e\000n\000t\000a\000t\000i\000o\000n\000\040\000t\000r\000a\000m\000i\000t\000e\000\040\000G\000A\000N}{subsection.3.2.2}% 48
\BOOKMARK [3][-]{section*.20}{\376\377\000M\000i\000x\000u\000p\000,\000\040\000C\000u\000t\000o\000u\000t\000\040\000e\000\040\000C\000u\000t\000m\000i\000x}{subsection.3.2.2}% 49
\BOOKMARK [0][-]{chapter.4}{\376\377\000S\000p\000e\000r\000i\000m\000e\000n\000t\000a\000z\000i\000o\000n\000e\000\040\000e\000\040\000R\000i\000s\000u\000l\000t\000a\000t\000i}{}% 50
\BOOKMARK [1][-]{section.4.1}{\376\377\000O\000b\000i\000e\000t\000t\000i\000v\000o}{chapter.4}% 51
\BOOKMARK [1][-]{section.4.2}{\376\377\000P\000r\000e\000p\000a\000r\000a\000z\000i\000o\000n\000e\000\040\000d\000e\000l\000\040\000d\000a\000t\000a\000s\000e\000t}{chapter.4}% 52
\BOOKMARK [2][-]{subsection.4.2.1}{\376\377\000D\000a\000t\000a\000s\000e\000t\000\040\000t\000e\000r\000m\000i\000c\000o\000\040\000F\000L\000I\000R}{section.4.2}% 53
\BOOKMARK [2][-]{subsection.4.2.2}{\376\377\000E\000s\000t\000r\000a\000z\000i\000o\000n\000e\000\040\000e\000\040\000F\000o\000r\000m\000a\000t\000t\000a\000z\000i\000o\000n\000e\000\040\000d\000e\000i\000\040\000s\000u\000b\000s\000e\000t}{section.4.2}% 54
\BOOKMARK [2][-]{subsection.4.2.3}{\376\377\000A\000n\000a\000l\000i\000s\000i\000\040\000d\000e\000l\000l\000e\000\040\000c\000l\000a\000s\000s\000i}{section.4.2}% 55
\BOOKMARK [2][-]{subsection.4.2.4}{\376\377\000N\000u\000o\000v\000o\000\040\000d\000a\000t\000a\000s\000e\000t\000\040\000f\000i\000l\000t\000r\000a\000t\000o}{section.4.2}% 56
\BOOKMARK [1][-]{section.4.3}{\376\377\000M\000o\000d\000e\000l\000l\000i\000\040\000d\000i\000\040\000p\000a\000r\000t\000e\000n\000z\000a}{chapter.4}% 57
\BOOKMARK [2][-]{subsection.4.3.1}{\376\377\000U\000l\000t\000r\000a\000l\000y\000t\000i\000c\000s}{section.4.3}% 58
\BOOKMARK [2][-]{subsection.4.3.2}{\376\377\000M\000o\000d\000e\000l\000l\000i\000\040\000d\000i\000\040\000U\000l\000t\000r\000a\000l\000y\000t\000i\000c\000s\000\040\000u\000t\000i\000l\000i\000z\000z\000a\000t\000i}{section.4.3}% 59
\BOOKMARK [2][-]{subsection.4.3.3}{\376\377\000V\000a\000l\000u\000t\000a\000z\000i\000o\000n\000e\000\040\000d\000e\000i\000\040\000m\000o\000d\000e\000l\000l\000i}{section.4.3}% 60
\BOOKMARK [3][-]{section*.21}{\376\377\000M\000e\000t\000r\000i\000c\000h\000e}{subsection.4.3.3}% 61
\BOOKMARK [2][-]{subsection.4.3.4}{\376\377\000T\000e\000s\000t\000\040\000d\000e\000i\000\040\000m\000o\000d\000e\000l\000l\000i\000\040\000n\000o\000n\000\040\000a\000d\000d\000e\000s\000t\000r\000a\000t\000i}{section.4.3}% 62
\BOOKMARK [1][-]{section.4.4}{\376\377\000A\000d\000d\000e\000s\000t\000r\000a\000m\000e\000n\000t\000o\000\040\000s\000u\000\040\000d\000a\000t\000a\000s\000e\000t\000\040\000f\000i\000l\000t\000r\000a\000t\000o}{chapter.4}% 63
\BOOKMARK [2][-]{subsection.4.4.1}{\376\377\000A\000d\000d\000e\000s\000t\000r\000a\000m\000e\000n\000t\000o\000\040\000d\000e\000i\000\040\000m\000o\000d\000e\000l\000l\000i}{section.4.4}% 64
\BOOKMARK [3][-]{section*.22}{\376\377\000P\000a\000r\000a\000m\000e\000t\000r\000i}{subsection.4.4.1}% 65
\BOOKMARK [3][-]{section*.23}{\376\377\000A\000u\000g\000m\000e\000n\000t\000a\000t\000i\000o\000n\000s}{subsection.4.4.1}% 66
\BOOKMARK [2][-]{subsection.4.4.2}{\376\377\000T\000e\000s\000t\000\040\000d\000e\000i\000\040\000m\000o\000d\000e\000l\000l\000i\000\040\000a\000d\000d\000e\000s\000t\000r\000a\000t\000i\000\040\000s\000u\000l\000\040\000d\000a\000t\000a\000s\000e\000t\000\040\000f\000i\000l\000t\000r\000a\000t\000o}{section.4.4}% 67
\BOOKMARK [1][-]{section.4.5}{\376\377\000A\000d\000d\000e\000s\000t\000r\000a\000m\000e\000n\000t\000o\000\040\000s\000u\000\040\000d\000a\000t\000a\000s\000e\000t\000\040\000a\000u\000m\000e\000n\000t\000a\000t\000o}{chapter.4}% 68
\BOOKMARK [2][-]{subsection.4.5.1}{\376\377\000A\000l\000b\000u\000m\000e\000n\000t\000a\000t\000i\000o\000n\000s}{section.4.5}% 69
\BOOKMARK [2][-]{subsection.4.5.2}{\376\377\000P\000r\000i\000m\000a\000\040\000D\000a\000t\000a\000\040\000A\000u\000g\000m\000e\000n\000t\000a\000t\000i\000o\000n}{section.4.5}% 70
\BOOKMARK [3][-]{section*.24}{\376\377\000P\000r\000i\000m\000o\000\040\000d\000a\000t\000a\000s\000e\000t\000\040\000a\000u\000m\000e\000n\000t\000a\000t\000o}{subsection.4.5.2}% 71
\BOOKMARK [3][-]{section*.25}{\376\377\000T\000e\000s\000t\000\040\000m\000o\000d\000e\000l\000l\000i\000\040\000a\000d\000d\000e\000s\000t\000r\000a\000t\000i\000\040\000s\000u\000l\000\040\000p\000r\000i\000m\000o\000\040\000d\000a\000t\000a\000s\000e\000t\000\040\000a\000u\000m\000e\000n\000t\000a\000t\000o}{subsection.4.5.2}% 72
\BOOKMARK [2][-]{subsection.4.5.3}{\376\377\000S\000e\000c\000o\000n\000d\000a\000\040\000D\000a\000t\000a\000\040\000A\000u\000g\000m\000e\000n\000t\000a\000t\000i\000o\000n}{section.4.5}% 73
\BOOKMARK [3][-]{section*.26}{\376\377\000S\000e\000c\000o\000n\000d\000o\000\040\000d\000a\000t\000a\000s\000e\000t\000\040\000a\000u\000m\000e\000n\000t\000a\000t\000o}{subsection.4.5.3}% 74
\BOOKMARK [3][-]{section*.27}{\376\377\000T\000e\000s\000t\000\040\000m\000o\000d\000e\000l\000l\000i\000\040\000a\000d\000d\000e\000s\000t\000r\000a\000t\000i\000\040\000s\000u\000l\000\040\000s\000e\000c\000o\000n\000d\000o\000\040\000d\000a\000t\000a\000s\000e\000t\000\040\000a\000u\000m\000e\000n\000t\000a\000t\000o}{subsection.4.5.3}% 75
\BOOKMARK [3][-]{section*.28}{\376\377\000U\000l\000t\000e\000r\000i\000o\000r\000e\000\040\000a\000d\000d\000e\000s\000t\000r\000a\000m\000e\000n\000t\000o\000\040\000s\000u\000l\000\040\000s\000e\000c\000o\000n\000d\000o\000\040\000d\000a\000t\000a\000s\000e\000t\000\040\000a\000u\000m\000e\000n\000t\000a\000t\000o}{subsection.4.5.3}% 76
\BOOKMARK [1][-]{section.4.6}{\376\377\000M\000o\000d\000e\000l\000l\000o\000\040\000O\000t\000t\000i\000m\000a\000l\000e}{chapter.4}% 77
\BOOKMARK [0][-]{chapter*.29}{\376\377\000C\000o\000n\000c\000l\000u\000s\000i\000o\000n\000i}{}% 78
\BOOKMARK [0][-]{chapter*.29}{\376\377\000B\000i\000b\000l\000i\000o\000g\000r\000a\000f\000i\000a}{}% 79
